INFO 2025-12-13 13:32:04 db_utils.py:102 [1m[34mLogs will be synced with wandb.[0m
INFO 2025-12-13 13:32:04 db_utils.py:103 Track this run --> [1m[33mhttps://wandb.ai/fengxiao0730-/lerobot/runs/pvlxihar[0m
INFO 2025-12-13 13:32:04 ot_train.py:183 Creating dataset
INFO 2025-12-13 13:32:04 ot_train.py:202 Creating policy
Loading  HuggingFaceTB/SmolVLM2-500M-Video-Instruct weights ...
`torch_dtype` is deprecated! Use `dtype` instead!
Reducing the number of VLM layers to 16 ...
INFO 2025-12-13 13:32:12 ot_train.py:247 Creating optimizer and scheduler
INFO 2025-12-13 13:32:12 hedulers.py:105 Auto-scaling LR scheduler: num_training_steps (20000) < num_decay_steps (30000). Scaling warmup: 1000 → 666, decay: 30000 → 20000 (scale factor: 0.667)
INFO 2025-12-13 13:32:12 ot_train.py:259 [1m[33mOutput dir:[0m outputs/train/hackathon_amd_mission2_black_sort_smolvla
INFO 2025-12-13 13:32:12 ot_train.py:262 cfg.steps=20000 (20K)
INFO 2025-12-13 13:32:12 ot_train.py:263 dataset.num_frames=18940 (19K)
INFO 2025-12-13 13:32:12 ot_train.py:264 dataset.num_episodes=60
INFO 2025-12-13 13:32:12 ot_train.py:267 Effective batch size: 64 x 1 = 64
INFO 2025-12-13 13:32:12 ot_train.py:268 num_learnable_params=99880992 (100M)
INFO 2025-12-13 13:32:12 ot_train.py:269 num_total_params=450046176 (450M)
INFO 2025-12-13 13:32:12 ot_train.py:324 Start offline training on a fixed dataset
INFO 2025-12-13 13:34:08 ot_train.py:351 step:200 smpl:13K ep:41 epch:0.68 loss:0.093 grdn:0.588 lr:1.5e-05 updt_s:0.554 data_s:0.026
WARNING 2025-12-13 13:34:08 db_utils.py:141 WandB logging of key "losses_after_forward" was ignored as its type "<class 'torch.Tensor'>" is not handled by this wrapper.
WARNING 2025-12-13 13:34:08 db_utils.py:141 WandB logging of key "losses_after_rm_padding" was ignored as its type "<class 'torch.Tensor'>" is not handled by this wrapper.
INFO 2025-12-13 13:35:50 ot_train.py:351 step:400 smpl:26K ep:81 epch:1.35 loss:0.055 grdn:0.512 lr:4.5e-05 updt_s:0.467 data_s:0.041
WARNING 2025-12-13 13:35:50 db_utils.py:141 WandB logging of key "losses_after_forward" was ignored as its type "<class 'torch.Tensor'>" is not handled by this wrapper.
WARNING 2025-12-13 13:35:50 db_utils.py:141 WandB logging of key "losses_after_rm_padding" was ignored as its type "<class 'torch.Tensor'>" is not handled by this wrapper.
INFO 2025-12-13 13:37:33 ot_train.py:351 step:600 smpl:38K ep:122 epch:2.03 loss:0.049 grdn:0.510 lr:7.5e-05 updt_s:0.465 data_s:0.047
WARNING 2025-12-13 13:37:33 db_utils.py:141 WandB logging of key "losses_after_forward" was ignored as its type "<class 'torch.Tensor'>" is not handled by this wrapper.
WARNING 2025-12-13 13:37:33 db_utils.py:141 WandB logging of key "losses_after_rm_padding" was ignored as its type "<class 'torch.Tensor'>" is not handled by this wrapper.
INFO 2025-12-13 13:39:09 ot_train.py:351 step:800 smpl:51K ep:162 epch:2.70 loss:0.048 grdn:0.506 lr:9.8e-05 updt_s:0.462 data_s:0.015
WARNING 2025-12-13 13:39:09 db_utils.py:141 WandB logging of key "losses_after_forward" was ignored as its type "<class 'torch.Tensor'>" is not handled by this wrapper.
WARNING 2025-12-13 13:39:09 db_utils.py:141 WandB logging of key "losses_after_rm_padding" was ignored as its type "<class 'torch.Tensor'>" is not handled by this wrapper.
INFO 2025-12-13 13:40:51 ot_train.py:351 step:1K smpl:64K ep:203 epch:3.38 loss:0.043 grdn:0.450 lr:1.0e-04 updt_s:0.463 data_s:0.043
WARNING 2025-12-13 13:40:51 db_utils.py:141 WandB logging of key "losses_after_forward" was ignored as its type "<class 'torch.Tensor'>" is not handled by this wrapper.
WARNING 2025-12-13 13:40:51 db_utils.py:141 WandB logging of key "losses_after_rm_padding" was ignored as its type "<class 'torch.Tensor'>" is not handled by this wrapper.
INFO 2025-12-13 13:42:33 ot_train.py:351 step:1K smpl:77K ep:243 epch:4.05 loss:0.039 grdn:0.431 lr:9.9e-05 updt_s:0.464 data_s:0.045
WARNING 2025-12-13 13:42:33 db_utils.py:141 WandB logging of key "losses_after_forward" was ignored as its type "<class 'torch.Tensor'>" is not handled by this wrapper.
WARNING 2025-12-13 13:42:33 db_utils.py:141 WandB logging of key "losses_after_rm_padding" was ignored as its type "<class 'torch.Tensor'>" is not handled by this wrapper.
INFO 2025-12-13 13:44:08 ot_train.py:351 step:1K smpl:90K ep:284 epch:4.73 loss:0.036 grdn:0.398 lr:9.9e-05 updt_s:0.461 data_s:0.015
WARNING 2025-12-13 13:44:08 db_utils.py:141 WandB logging of key "losses_after_forward" was ignored as its type "<class 'torch.Tensor'>" is not handled by this wrapper.
WARNING 2025-12-13 13:44:08 db_utils.py:141 WandB logging of key "losses_after_rm_padding" was ignored as its type "<class 'torch.Tensor'>" is not handled by this wrapper.
INFO 2025-12-13 13:45:50 ot_train.py:351 step:2K smpl:102K ep:324 epch:5.41 loss:0.034 grdn:0.389 lr:9.9e-05 updt_s:0.463 data_s:0.046
WARNING 2025-12-13 13:45:50 db_utils.py:141 WandB logging of key "losses_after_forward" was ignored as its type "<class 'torch.Tensor'>" is not handled by this wrapper.
WARNING 2025-12-13 13:45:50 db_utils.py:141 WandB logging of key "losses_after_rm_padding" was ignored as its type "<class 'torch.Tensor'>" is not handled by this wrapper.
INFO 2025-12-13 13:47:33 ot_train.py:351 step:2K smpl:115K ep:365 epch:6.08 loss:0.032 grdn:0.366 lr:9.8e-05 updt_s:0.462 data_s:0.048
WARNING 2025-12-13 13:47:33 db_utils.py:141 WandB logging of key "losses_after_forward" was ignored as its type "<class 'torch.Tensor'>" is not handled by this wrapper.
WARNING 2025-12-13 13:47:33 db_utils.py:141 WandB logging of key "losses_after_rm_padding" was ignored as its type "<class 'torch.Tensor'>" is not handled by this wrapper.
INFO 2025-12-13 13:49:09 ot_train.py:351 step:2K smpl:128K ep:405 epch:6.76 loss:0.029 grdn:0.354 lr:9.8e-05 updt_s:0.462 data_s:0.015
WARNING 2025-12-13 13:49:09 db_utils.py:141 WandB logging of key "losses_after_forward" was ignored as its type "<class 'torch.Tensor'>" is not handled by this wrapper.
WARNING 2025-12-13 13:49:09 db_utils.py:141 WandB logging of key "losses_after_rm_padding" was ignored as its type "<class 'torch.Tensor'>" is not handled by this wrapper.
INFO 2025-12-13 13:50:51 ot_train.py:351 step:2K smpl:141K ep:446 epch:7.43 loss:0.028 grdn:0.343 lr:9.7e-05 updt_s:0.464 data_s:0.045
WARNING 2025-12-13 13:50:51 db_utils.py:141 WandB logging of key "losses_after_forward" was ignored as its type "<class 'torch.Tensor'>" is not handled by this wrapper.
WARNING 2025-12-13 13:50:51 db_utils.py:141 WandB logging of key "losses_after_rm_padding" was ignored as its type "<class 'torch.Tensor'>" is not handled by this wrapper.
INFO 2025-12-13 13:52:32 ot_train.py:351 step:2K smpl:154K ep:487 epch:8.11 loss:0.027 grdn:0.342 lr:9.7e-05 updt_s:0.465 data_s:0.040
WARNING 2025-12-13 13:52:32 db_utils.py:141 WandB logging of key "losses_after_forward" was ignored as its type "<class 'torch.Tensor'>" is not handled by this wrapper.
WARNING 2025-12-13 13:52:32 db_utils.py:141 WandB logging of key "losses_after_rm_padding" was ignored as its type "<class 'torch.Tensor'>" is not handled by this wrapper.
INFO 2025-12-13 13:54:09 ot_train.py:351 step:3K smpl:166K ep:527 epch:8.79 loss:0.025 grdn:0.326 lr:9.6e-05 updt_s:0.466 data_s:0.015
WARNING 2025-12-13 13:54:09 db_utils.py:141 WandB logging of key "losses_after_forward" was ignored as its type "<class 'torch.Tensor'>" is not handled by this wrapper.
WARNING 2025-12-13 13:54:09 db_utils.py:141 WandB logging of key "losses_after_rm_padding" was ignored as its type "<class 'torch.Tensor'>" is not handled by this wrapper.
INFO 2025-12-13 13:55:52 ot_train.py:351 step:3K smpl:179K ep:568 epch:9.46 loss:0.024 grdn:0.315 lr:9.6e-05 updt_s:0.466 data_s:0.048
WARNING 2025-12-13 13:55:52 db_utils.py:141 WandB logging of key "losses_after_forward" was ignored as its type "<class 'torch.Tensor'>" is not handled by this wrapper.
WARNING 2025-12-13 13:55:52 db_utils.py:141 WandB logging of key "losses_after_rm_padding" was ignored as its type "<class 'torch.Tensor'>" is not handled by this wrapper.
INFO 2025-12-13 13:57:35 ot_train.py:351 step:3K smpl:192K ep:608 epch:10.14 loss:0.023 grdn:0.319 lr:9.5e-05 updt_s:0.465 data_s:0.047
WARNING 2025-12-13 13:57:35 db_utils.py:141 WandB logging of key "losses_after_forward" was ignored as its type "<class 'torch.Tensor'>" is not handled by this wrapper.
WARNING 2025-12-13 13:57:35 db_utils.py:141 WandB logging of key "losses_after_rm_padding" was ignored as its type "<class 'torch.Tensor'>" is not handled by this wrapper.
INFO 2025-12-13 13:59:10 ot_train.py:351 step:3K smpl:205K ep:649 epch:10.81 loss:0.022 grdn:0.305 lr:9.4e-05 updt_s:0.464 data_s:0.015
WARNING 2025-12-13 13:59:10 db_utils.py:141 WandB logging of key "losses_after_forward" was ignored as its type "<class 'torch.Tensor'>" is not handled by this wrapper.
WARNING 2025-12-13 13:59:10 db_utils.py:141 WandB logging of key "losses_after_rm_padding" was ignored as its type "<class 'torch.Tensor'>" is not handled by this wrapper.
INFO 2025-12-13 14:00:52 ot_train.py:351 step:3K smpl:218K ep:689 epch:11.49 loss:0.021 grdn:0.302 lr:9.4e-05 updt_s:0.466 data_s:0.040
WARNING 2025-12-13 14:00:52 db_utils.py:141 WandB logging of key "losses_after_forward" was ignored as its type "<class 'torch.Tensor'>" is not handled by this wrapper.
WARNING 2025-12-13 14:00:52 db_utils.py:141 WandB logging of key "losses_after_rm_padding" was ignored as its type "<class 'torch.Tensor'>" is not handled by this wrapper.
INFO 2025-12-13 14:02:35 ot_train.py:351 step:4K smpl:230K ep:730 epch:12.16 loss:0.021 grdn:0.286 lr:9.3e-05 updt_s:0.465 data_s:0.049
WARNING 2025-12-13 14:02:35 db_utils.py:141 WandB logging of key "losses_after_forward" was ignored as its type "<class 'torch.Tensor'>" is not handled by this wrapper.
WARNING 2025-12-13 14:02:35 db_utils.py:141 WandB logging of key "losses_after_rm_padding" was ignored as its type "<class 'torch.Tensor'>" is not handled by this wrapper.
INFO 2025-12-13 14:04:11 ot_train.py:351 step:4K smpl:243K ep:770 epch:12.84 loss:0.019 grdn:0.282 lr:9.2e-05 updt_s:0.464 data_s:0.015
WARNING 2025-12-13 14:04:11 db_utils.py:141 WandB logging of key "losses_after_forward" was ignored as its type "<class 'torch.Tensor'>" is not handled by this wrapper.
WARNING 2025-12-13 14:04:11 db_utils.py:141 WandB logging of key "losses_after_rm_padding" was ignored as its type "<class 'torch.Tensor'>" is not handled by this wrapper.
INFO 2025-12-13 14:05:54 ot_train.py:351 step:4K smpl:256K ep:811 epch:13.52 loss:0.019 grdn:0.275 lr:9.1e-05 updt_s:0.463 data_s:0.046
WARNING 2025-12-13 14:05:54 db_utils.py:141 WandB logging of key "losses_after_forward" was ignored as its type "<class 'torch.Tensor'>" is not handled by this wrapper.
WARNING 2025-12-13 14:05:54 db_utils.py:141 WandB logging of key "losses_after_rm_padding" was ignored as its type "<class 'torch.Tensor'>" is not handled by this wrapper.
INFO 2025-12-13 14:07:35 ot_train.py:351 step:4K smpl:269K ep:852 epch:14.19 loss:0.018 grdn:0.273 lr:9.0e-05 updt_s:0.463 data_s:0.045
WARNING 2025-12-13 14:07:35 db_utils.py:141 WandB logging of key "losses_after_forward" was ignored as its type "<class 'torch.Tensor'>" is not handled by this wrapper.
WARNING 2025-12-13 14:07:35 db_utils.py:141 WandB logging of key "losses_after_rm_padding" was ignored as its type "<class 'torch.Tensor'>" is not handled by this wrapper.
INFO 2025-12-13 14:09:12 ot_train.py:351 step:4K smpl:282K ep:892 epch:14.87 loss:0.018 grdn:0.272 lr:8.9e-05 updt_s:0.464 data_s:0.015
WARNING 2025-12-13 14:09:12 db_utils.py:141 WandB logging of key "losses_after_forward" was ignored as its type "<class 'torch.Tensor'>" is not handled by this wrapper.
WARNING 2025-12-13 14:09:12 db_utils.py:141 WandB logging of key "losses_after_rm_padding" was ignored as its type "<class 'torch.Tensor'>" is not handled by this wrapper.
INFO 2025-12-13 14:10:54 ot_train.py:351 step:5K smpl:294K ep:933 epch:15.54 loss:0.017 grdn:0.271 lr:8.8e-05 updt_s:0.464 data_s:0.045
WARNING 2025-12-13 14:10:54 db_utils.py:141 WandB logging of key "losses_after_forward" was ignored as its type "<class 'torch.Tensor'>" is not handled by this wrapper.
WARNING 2025-12-13 14:10:54 db_utils.py:141 WandB logging of key "losses_after_rm_padding" was ignored as its type "<class 'torch.Tensor'>" is not handled by this wrapper.
INFO 2025-12-13 14:12:35 ot_train.py:351 step:5K smpl:307K ep:973 epch:16.22 loss:0.017 grdn:0.259 lr:8.7e-05 updt_s:0.463 data_s:0.040
WARNING 2025-12-13 14:12:35 db_utils.py:141 WandB logging of key "losses_after_forward" was ignored as its type "<class 'torch.Tensor'>" is not handled by this wrapper.
WARNING 2025-12-13 14:12:35 db_utils.py:141 WandB logging of key "losses_after_rm_padding" was ignored as its type "<class 'torch.Tensor'>" is not handled by this wrapper.
INFO 2025-12-13 14:14:11 ot_train.py:351 step:5K smpl:320K ep:1K epch:16.90 loss:0.017 grdn:0.265 lr:8.6e-05 updt_s:0.465 data_s:0.015
WARNING 2025-12-13 14:14:11 db_utils.py:141 WandB logging of key "losses_after_forward" was ignored as its type "<class 'torch.Tensor'>" is not handled by this wrapper.
WARNING 2025-12-13 14:14:11 db_utils.py:141 WandB logging of key "losses_after_rm_padding" was ignored as its type "<class 'torch.Tensor'>" is not handled by this wrapper.
INFO 2025-12-13 14:14:11 ot_train.py:361 Checkpoint policy after step 5000
INFO 2025-12-13 14:15:58 ot_train.py:351 step:5K smpl:333K ep:1K epch:17.57 loss:0.016 grdn:0.259 lr:8.5e-05 updt_s:0.465 data_s:0.047
WARNING 2025-12-13 14:15:58 db_utils.py:141 WandB logging of key "losses_after_forward" was ignored as its type "<class 'torch.Tensor'>" is not handled by this wrapper.
WARNING 2025-12-13 14:15:58 db_utils.py:141 WandB logging of key "losses_after_rm_padding" was ignored as its type "<class 'torch.Tensor'>" is not handled by this wrapper.
INFO 2025-12-13 14:17:39 ot_train.py:351 step:5K smpl:346K ep:1K epch:18.25 loss:0.016 grdn:0.249 lr:8.4e-05 updt_s:0.462 data_s:0.044
WARNING 2025-12-13 14:17:39 db_utils.py:141 WandB logging of key "losses_after_forward" was ignored as its type "<class 'torch.Tensor'>" is not handled by this wrapper.
WARNING 2025-12-13 14:17:39 db_utils.py:141 WandB logging of key "losses_after_rm_padding" was ignored as its type "<class 'torch.Tensor'>" is not handled by this wrapper.
INFO 2025-12-13 14:19:15 ot_train.py:351 step:6K smpl:358K ep:1K epch:18.92 loss:0.015 grdn:0.246 lr:8.3e-05 updt_s:0.465 data_s:0.015
WARNING 2025-12-13 14:19:15 db_utils.py:141 WandB logging of key "losses_after_forward" was ignored as its type "<class 'torch.Tensor'>" is not handled by this wrapper.
WARNING 2025-12-13 14:19:15 db_utils.py:141 WandB logging of key "losses_after_rm_padding" was ignored as its type "<class 'torch.Tensor'>" is not handled by this wrapper.
INFO 2025-12-13 14:20:58 ot_train.py:351 step:6K smpl:371K ep:1K epch:19.60 loss:0.014 grdn:0.239 lr:8.2e-05 updt_s:0.465 data_s:0.048
WARNING 2025-12-13 14:20:58 db_utils.py:141 WandB logging of key "losses_after_forward" was ignored as its type "<class 'torch.Tensor'>" is not handled by this wrapper.
WARNING 2025-12-13 14:20:58 db_utils.py:141 WandB logging of key "losses_after_rm_padding" was ignored as its type "<class 'torch.Tensor'>" is not handled by this wrapper.
INFO 2025-12-13 14:22:42 ot_train.py:351 step:6K smpl:384K ep:1K epch:20.27 loss:0.014 grdn:0.248 lr:8.1e-05 updt_s:0.465 data_s:0.051
WARNING 2025-12-13 14:22:42 db_utils.py:141 WandB logging of key "losses_after_forward" was ignored as its type "<class 'torch.Tensor'>" is not handled by this wrapper.
WARNING 2025-12-13 14:22:42 db_utils.py:141 WandB logging of key "losses_after_rm_padding" was ignored as its type "<class 'torch.Tensor'>" is not handled by this wrapper.
INFO 2025-12-13 14:24:19 ot_train.py:351 step:6K smpl:397K ep:1K epch:20.95 loss:0.014 grdn:0.240 lr:7.9e-05 updt_s:0.468 data_s:0.015
WARNING 2025-12-13 14:24:19 db_utils.py:141 WandB logging of key "losses_after_forward" was ignored as its type "<class 'torch.Tensor'>" is not handled by this wrapper.
WARNING 2025-12-13 14:24:19 db_utils.py:141 WandB logging of key "losses_after_rm_padding" was ignored as its type "<class 'torch.Tensor'>" is not handled by this wrapper.
INFO 2025-12-13 14:26:01 ot_train.py:351 step:6K smpl:410K ep:1K epch:21.63 loss:0.013 grdn:0.233 lr:7.8e-05 updt_s:0.464 data_s:0.045
WARNING 2025-12-13 14:26:01 db_utils.py:141 WandB logging of key "losses_after_forward" was ignored as its type "<class 'torch.Tensor'>" is not handled by this wrapper.
WARNING 2025-12-13 14:26:01 db_utils.py:141 WandB logging of key "losses_after_rm_padding" was ignored as its type "<class 'torch.Tensor'>" is not handled by this wrapper.
INFO 2025-12-13 14:27:42 ot_train.py:351 step:7K smpl:422K ep:1K epch:22.30 loss:0.013 grdn:0.220 lr:7.7e-05 updt_s:0.462 data_s:0.041
WARNING 2025-12-13 14:27:42 db_utils.py:141 WandB logging of key "losses_after_forward" was ignored as its type "<class 'torch.Tensor'>" is not handled by this wrapper.
WARNING 2025-12-13 14:27:42 db_utils.py:141 WandB logging of key "losses_after_rm_padding" was ignored as its type "<class 'torch.Tensor'>" is not handled by this wrapper.
INFO 2025-12-13 14:29:18 ot_train.py:351 step:7K smpl:435K ep:1K epch:22.98 loss:0.012 grdn:0.218 lr:7.5e-05 updt_s:0.464 data_s:0.015
WARNING 2025-12-13 14:29:18 db_utils.py:141 WandB logging of key "losses_after_forward" was ignored as its type "<class 'torch.Tensor'>" is not handled by this wrapper.
WARNING 2025-12-13 14:29:18 db_utils.py:141 WandB logging of key "losses_after_rm_padding" was ignored as its type "<class 'torch.Tensor'>" is not handled by this wrapper.
INFO 2025-12-13 14:31:00 ot_train.py:351 step:7K smpl:448K ep:1K epch:23.65 loss:0.012 grdn:0.221 lr:7.4e-05 updt_s:0.463 data_s:0.045
WARNING 2025-12-13 14:31:00 db_utils.py:141 WandB logging of key "losses_after_forward" was ignored as its type "<class 'torch.Tensor'>" is not handled by this wrapper.
WARNING 2025-12-13 14:31:00 db_utils.py:141 WandB logging of key "losses_after_rm_padding" was ignored as its type "<class 'torch.Tensor'>" is not handled by this wrapper.
INFO 2025-12-13 14:32:41 ot_train.py:351 step:7K smpl:461K ep:1K epch:24.33 loss:0.012 grdn:0.215 lr:7.3e-05 updt_s:0.463 data_s:0.041
WARNING 2025-12-13 14:32:41 db_utils.py:141 WandB logging of key "losses_after_forward" was ignored as its type "<class 'torch.Tensor'>" is not handled by this wrapper.
WARNING 2025-12-13 14:32:41 db_utils.py:141 WandB logging of key "losses_after_rm_padding" was ignored as its type "<class 'torch.Tensor'>" is not handled by this wrapper.
INFO 2025-12-13 14:34:18 ot_train.py:351 step:7K smpl:474K ep:2K epch:25.01 loss:0.012 grdn:0.212 lr:7.1e-05 updt_s:0.464 data_s:0.018
WARNING 2025-12-13 14:34:18 db_utils.py:141 WandB logging of key "losses_after_forward" was ignored as its type "<class 'torch.Tensor'>" is not handled by this wrapper.
WARNING 2025-12-13 14:34:18 db_utils.py:141 WandB logging of key "losses_after_rm_padding" was ignored as its type "<class 'torch.Tensor'>" is not handled by this wrapper.
INFO 2025-12-13 14:35:58 ot_train.py:351 step:8K smpl:486K ep:2K epch:25.68 loss:0.012 grdn:0.206 lr:7.0e-05 updt_s:0.466 data_s:0.037
WARNING 2025-12-13 14:35:58 db_utils.py:141 WandB logging of key "losses_after_forward" was ignored as its type "<class 'torch.Tensor'>" is not handled by this wrapper.
WARNING 2025-12-13 14:35:58 db_utils.py:141 WandB logging of key "losses_after_rm_padding" was ignored as its type "<class 'torch.Tensor'>" is not handled by this wrapper.
INFO 2025-12-13 14:37:42 ot_train.py:351 step:8K smpl:499K ep:2K epch:26.36 loss:0.011 grdn:0.209 lr:6.8e-05 updt_s:0.467 data_s:0.047
WARNING 2025-12-13 14:37:42 db_utils.py:141 WandB logging of key "losses_after_forward" was ignored as its type "<class 'torch.Tensor'>" is not handled by this wrapper.
WARNING 2025-12-13 14:37:42 db_utils.py:141 WandB logging of key "losses_after_rm_padding" was ignored as its type "<class 'torch.Tensor'>" is not handled by this wrapper.
INFO 2025-12-13 14:39:25 ot_train.py:351 step:8K smpl:512K ep:2K epch:27.03 loss:0.011 grdn:0.209 lr:6.7e-05 updt_s:0.466 data_s:0.048
WARNING 2025-12-13 14:39:25 db_utils.py:141 WandB logging of key "losses_after_forward" was ignored as its type "<class 'torch.Tensor'>" is not handled by this wrapper.
WARNING 2025-12-13 14:39:25 db_utils.py:141 WandB logging of key "losses_after_rm_padding" was ignored as its type "<class 'torch.Tensor'>" is not handled by this wrapper.
INFO 2025-12-13 14:41:01 ot_train.py:351 step:8K smpl:525K ep:2K epch:27.71 loss:0.011 grdn:0.194 lr:6.6e-05 updt_s:0.466 data_s:0.015
WARNING 2025-12-13 14:41:01 db_utils.py:141 WandB logging of key "losses_after_forward" was ignored as its type "<class 'torch.Tensor'>" is not handled by this wrapper.
WARNING 2025-12-13 14:41:01 db_utils.py:141 WandB logging of key "losses_after_rm_padding" was ignored as its type "<class 'torch.Tensor'>" is not handled by this wrapper.
INFO 2025-12-13 14:42:44 ot_train.py:351 step:8K smpl:538K ep:2K epch:28.38 loss:0.010 grdn:0.194 lr:6.4e-05 updt_s:0.465 data_s:0.046
WARNING 2025-12-13 14:42:44 db_utils.py:141 WandB logging of key "losses_after_forward" was ignored as its type "<class 'torch.Tensor'>" is not handled by this wrapper.
WARNING 2025-12-13 14:42:44 db_utils.py:141 WandB logging of key "losses_after_rm_padding" was ignored as its type "<class 'torch.Tensor'>" is not handled by this wrapper.
INFO 2025-12-13 14:44:25 ot_train.py:351 step:9K smpl:550K ep:2K epch:29.06 loss:0.010 grdn:0.190 lr:6.3e-05 updt_s:0.465 data_s:0.039
WARNING 2025-12-13 14:44:25 db_utils.py:141 WandB logging of key "losses_after_forward" was ignored as its type "<class 'torch.Tensor'>" is not handled by this wrapper.
WARNING 2025-12-13 14:44:25 db_utils.py:141 WandB logging of key "losses_after_rm_padding" was ignored as its type "<class 'torch.Tensor'>" is not handled by this wrapper.
INFO 2025-12-13 14:46:01 ot_train.py:351 step:9K smpl:563K ep:2K epch:29.74 loss:0.010 grdn:0.195 lr:6.1e-05 updt_s:0.463 data_s:0.015
WARNING 2025-12-13 14:46:01 db_utils.py:141 WandB logging of key "losses_after_forward" was ignored as its type "<class 'torch.Tensor'>" is not handled by this wrapper.
WARNING 2025-12-13 14:46:01 db_utils.py:141 WandB logging of key "losses_after_rm_padding" was ignored as its type "<class 'torch.Tensor'>" is not handled by this wrapper.
INFO 2025-12-13 14:47:44 ot_train.py:351 step:9K smpl:576K ep:2K epch:30.41 loss:0.010 grdn:0.188 lr:6.0e-05 updt_s:0.465 data_s:0.048
WARNING 2025-12-13 14:47:44 db_utils.py:141 WandB logging of key "losses_after_forward" was ignored as its type "<class 'torch.Tensor'>" is not handled by this wrapper.
WARNING 2025-12-13 14:47:44 db_utils.py:141 WandB logging of key "losses_after_rm_padding" was ignored as its type "<class 'torch.Tensor'>" is not handled by this wrapper.
INFO 2025-12-13 14:49:27 ot_train.py:351 step:9K smpl:589K ep:2K epch:31.09 loss:0.009 grdn:0.193 lr:5.8e-05 updt_s:0.464 data_s:0.046
WARNING 2025-12-13 14:49:27 db_utils.py:141 WandB logging of key "losses_after_forward" was ignored as its type "<class 'torch.Tensor'>" is not handled by this wrapper.
WARNING 2025-12-13 14:49:27 db_utils.py:141 WandB logging of key "losses_after_rm_padding" was ignored as its type "<class 'torch.Tensor'>" is not handled by this wrapper.
INFO 2025-12-13 14:51:03 ot_train.py:351 step:9K smpl:602K ep:2K epch:31.76 loss:0.009 grdn:0.185 lr:5.7e-05 updt_s:0.465 data_s:0.015
WARNING 2025-12-13 14:51:03 db_utils.py:141 WandB logging of key "losses_after_forward" was ignored as its type "<class 'torch.Tensor'>" is not handled by this wrapper.
WARNING 2025-12-13 14:51:03 db_utils.py:141 WandB logging of key "losses_after_rm_padding" was ignored as its type "<class 'torch.Tensor'>" is not handled by this wrapper.
INFO 2025-12-13 14:52:45 ot_train.py:351 step:10K smpl:614K ep:2K epch:32.44 loss:0.009 grdn:0.175 lr:5.5e-05 updt_s:0.463 data_s:0.046
WARNING 2025-12-13 14:52:45 db_utils.py:141 WandB logging of key "losses_after_forward" was ignored as its type "<class 'torch.Tensor'>" is not handled by this wrapper.
WARNING 2025-12-13 14:52:45 db_utils.py:141 WandB logging of key "losses_after_rm_padding" was ignored as its type "<class 'torch.Tensor'>" is not handled by this wrapper.
INFO 2025-12-13 14:54:28 ot_train.py:351 step:10K smpl:627K ep:2K epch:33.12 loss:0.009 grdn:0.179 lr:5.4e-05 updt_s:0.462 data_s:0.049
WARNING 2025-12-13 14:54:28 db_utils.py:141 WandB logging of key "losses_after_forward" was ignored as its type "<class 'torch.Tensor'>" is not handled by this wrapper.
WARNING 2025-12-13 14:54:28 db_utils.py:141 WandB logging of key "losses_after_rm_padding" was ignored as its type "<class 'torch.Tensor'>" is not handled by this wrapper.
INFO 2025-12-13 14:56:04 ot_train.py:351 step:10K smpl:640K ep:2K epch:33.79 loss:0.008 grdn:0.178 lr:5.2e-05 updt_s:0.465 data_s:0.015
WARNING 2025-12-13 14:56:04 db_utils.py:141 WandB logging of key "losses_after_forward" was ignored as its type "<class 'torch.Tensor'>" is not handled by this wrapper.
WARNING 2025-12-13 14:56:04 db_utils.py:141 WandB logging of key "losses_after_rm_padding" was ignored as its type "<class 'torch.Tensor'>" is not handled by this wrapper.
INFO 2025-12-13 14:56:04 ot_train.py:361 Checkpoint policy after step 10000
INFO 2025-12-13 14:57:49 ot_train.py:351 step:10K smpl:653K ep:2K epch:34.47 loss:0.008 grdn:0.176 lr:5.0e-05 updt_s:0.463 data_s:0.041
WARNING 2025-12-13 14:57:49 db_utils.py:141 WandB logging of key "losses_after_forward" was ignored as its type "<class 'torch.Tensor'>" is not handled by this wrapper.
WARNING 2025-12-13 14:57:49 db_utils.py:141 WandB logging of key "losses_after_rm_padding" was ignored as its type "<class 'torch.Tensor'>" is not handled by this wrapper.
INFO 2025-12-13 14:59:29 ot_train.py:351 step:10K smpl:666K ep:2K epch:35.14 loss:0.008 grdn:0.171 lr:4.9e-05 updt_s:0.461 data_s:0.039
WARNING 2025-12-13 14:59:29 db_utils.py:141 WandB logging of key "losses_after_forward" was ignored as its type "<class 'torch.Tensor'>" is not handled by this wrapper.
WARNING 2025-12-13 14:59:29 db_utils.py:141 WandB logging of key "losses_after_rm_padding" was ignored as its type "<class 'torch.Tensor'>" is not handled by this wrapper.
INFO 2025-12-13 15:01:05 ot_train.py:351 step:11K smpl:678K ep:2K epch:35.82 loss:0.008 grdn:0.178 lr:4.7e-05 updt_s:0.463 data_s:0.015
WARNING 2025-12-13 15:01:05 db_utils.py:141 WandB logging of key "losses_after_forward" was ignored as its type "<class 'torch.Tensor'>" is not handled by this wrapper.
WARNING 2025-12-13 15:01:05 db_utils.py:141 WandB logging of key "losses_after_rm_padding" was ignored as its type "<class 'torch.Tensor'>" is not handled by this wrapper.
INFO 2025-12-13 15:02:48 ot_train.py:351 step:11K smpl:691K ep:2K epch:36.49 loss:0.008 grdn:0.173 lr:4.6e-05 updt_s:0.464 data_s:0.048
WARNING 2025-12-13 15:02:48 db_utils.py:141 WandB logging of key "losses_after_forward" was ignored as its type "<class 'torch.Tensor'>" is not handled by this wrapper.
WARNING 2025-12-13 15:02:48 db_utils.py:141 WandB logging of key "losses_after_rm_padding" was ignored as its type "<class 'torch.Tensor'>" is not handled by this wrapper.
INFO 2025-12-13 15:04:30 ot_train.py:351 step:11K smpl:704K ep:2K epch:37.17 loss:0.008 grdn:0.169 lr:4.4e-05 updt_s:0.465 data_s:0.043
WARNING 2025-12-13 15:04:30 db_utils.py:141 WandB logging of key "losses_after_forward" was ignored as its type "<class 'torch.Tensor'>" is not handled by this wrapper.
WARNING 2025-12-13 15:04:30 db_utils.py:141 WandB logging of key "losses_after_rm_padding" was ignored as its type "<class 'torch.Tensor'>" is not handled by this wrapper.
INFO 2025-12-13 15:06:06 ot_train.py:351 step:11K smpl:717K ep:2K epch:37.85 loss:0.007 grdn:0.164 lr:4.3e-05 updt_s:0.465 data_s:0.015
WARNING 2025-12-13 15:06:06 db_utils.py:141 WandB logging of key "losses_after_forward" was ignored as its type "<class 'torch.Tensor'>" is not handled by this wrapper.
WARNING 2025-12-13 15:06:06 db_utils.py:141 WandB logging of key "losses_after_rm_padding" was ignored as its type "<class 'torch.Tensor'>" is not handled by this wrapper.
INFO 2025-12-13 15:07:48 ot_train.py:351 step:11K smpl:730K ep:2K epch:38.52 loss:0.008 grdn:0.160 lr:4.1e-05 updt_s:0.465 data_s:0.045
WARNING 2025-12-13 15:07:48 db_utils.py:141 WandB logging of key "losses_after_forward" was ignored as its type "<class 'torch.Tensor'>" is not handled by this wrapper.
WARNING 2025-12-13 15:07:48 db_utils.py:141 WandB logging of key "losses_after_rm_padding" was ignored as its type "<class 'torch.Tensor'>" is not handled by this wrapper.
INFO 2025-12-13 15:09:30 ot_train.py:351 step:12K smpl:742K ep:2K epch:39.20 loss:0.007 grdn:0.155 lr:4.0e-05 updt_s:0.464 data_s:0.045
WARNING 2025-12-13 15:09:30 db_utils.py:141 WandB logging of key "losses_after_forward" was ignored as its type "<class 'torch.Tensor'>" is not handled by this wrapper.
WARNING 2025-12-13 15:09:30 db_utils.py:141 WandB logging of key "losses_after_rm_padding" was ignored as its type "<class 'torch.Tensor'>" is not handled by this wrapper.
INFO 2025-12-13 15:11:07 ot_train.py:351 step:12K smpl:755K ep:2K epch:39.87 loss:0.007 grdn:0.153 lr:3.8e-05 updt_s:0.465 data_s:0.015
WARNING 2025-12-13 15:11:07 db_utils.py:141 WandB logging of key "losses_after_forward" was ignored as its type "<class 'torch.Tensor'>" is not handled by this wrapper.
WARNING 2025-12-13 15:11:07 db_utils.py:141 WandB logging of key "losses_after_rm_padding" was ignored as its type "<class 'torch.Tensor'>" is not handled by this wrapper.
INFO 2025-12-13 15:12:49 ot_train.py:351 step:12K smpl:768K ep:2K epch:40.55 loss:0.007 grdn:0.156 lr:3.7e-05 updt_s:0.464 data_s:0.048
WARNING 2025-12-13 15:12:49 db_utils.py:141 WandB logging of key "losses_after_forward" was ignored as its type "<class 'torch.Tensor'>" is not handled by this wrapper.
WARNING 2025-12-13 15:12:49 db_utils.py:141 WandB logging of key "losses_after_rm_padding" was ignored as its type "<class 'torch.Tensor'>" is not handled by this wrapper.
INFO 2025-12-13 15:14:31 ot_train.py:351 step:12K smpl:781K ep:2K epch:41.22 loss:0.007 grdn:0.151 lr:3.5e-05 updt_s:0.467 data_s:0.040
WARNING 2025-12-13 15:14:31 db_utils.py:141 WandB logging of key "losses_after_forward" was ignored as its type "<class 'torch.Tensor'>" is not handled by this wrapper.
WARNING 2025-12-13 15:14:31 db_utils.py:141 WandB logging of key "losses_after_rm_padding" was ignored as its type "<class 'torch.Tensor'>" is not handled by this wrapper.
INFO 2025-12-13 15:16:07 ot_train.py:351 step:12K smpl:794K ep:3K epch:41.90 loss:0.007 grdn:0.146 lr:3.4e-05 updt_s:0.465 data_s:0.015
WARNING 2025-12-13 15:16:07 db_utils.py:141 WandB logging of key "losses_after_forward" was ignored as its type "<class 'torch.Tensor'>" is not handled by this wrapper.
WARNING 2025-12-13 15:16:07 db_utils.py:141 WandB logging of key "losses_after_rm_padding" was ignored as its type "<class 'torch.Tensor'>" is not handled by this wrapper.
INFO 2025-12-13 15:17:49 ot_train.py:351 step:13K smpl:806K ep:3K epch:42.58 loss:0.007 grdn:0.148 lr:3.3e-05 updt_s:0.465 data_s:0.043
WARNING 2025-12-13 15:17:49 db_utils.py:141 WandB logging of key "losses_after_forward" was ignored as its type "<class 'torch.Tensor'>" is not handled by this wrapper.
WARNING 2025-12-13 15:17:49 db_utils.py:141 WandB logging of key "losses_after_rm_padding" was ignored as its type "<class 'torch.Tensor'>" is not handled by this wrapper.
INFO 2025-12-13 15:19:32 ot_train.py:351 step:13K smpl:819K ep:3K epch:43.25 loss:0.007 grdn:0.148 lr:3.1e-05 updt_s:0.465 data_s:0.047
WARNING 2025-12-13 15:19:32 db_utils.py:141 WandB logging of key "losses_after_forward" was ignored as its type "<class 'torch.Tensor'>" is not handled by this wrapper.
WARNING 2025-12-13 15:19:32 db_utils.py:141 WandB logging of key "losses_after_rm_padding" was ignored as its type "<class 'torch.Tensor'>" is not handled by this wrapper.
INFO 2025-12-13 15:21:08 ot_train.py:351 step:13K smpl:832K ep:3K epch:43.93 loss:0.007 grdn:0.144 lr:3.0e-05 updt_s:0.467 data_s:0.015
WARNING 2025-12-13 15:21:08 db_utils.py:141 WandB logging of key "losses_after_forward" was ignored as its type "<class 'torch.Tensor'>" is not handled by this wrapper.
WARNING 2025-12-13 15:21:08 db_utils.py:141 WandB logging of key "losses_after_rm_padding" was ignored as its type "<class 'torch.Tensor'>" is not handled by this wrapper.
INFO 2025-12-13 15:22:51 ot_train.py:351 step:13K smpl:845K ep:3K epch:44.60 loss:0.006 grdn:0.144 lr:2.8e-05 updt_s:0.465 data_s:0.046
WARNING 2025-12-13 15:22:51 db_utils.py:141 WandB logging of key "losses_after_forward" was ignored as its type "<class 'torch.Tensor'>" is not handled by this wrapper.
WARNING 2025-12-13 15:22:51 db_utils.py:141 WandB logging of key "losses_after_rm_padding" was ignored as its type "<class 'torch.Tensor'>" is not handled by this wrapper.
INFO 2025-12-13 15:24:33 ot_train.py:351 step:13K smpl:858K ep:3K epch:45.28 loss:0.006 grdn:0.137 lr:2.7e-05 updt_s:0.465 data_s:0.045
WARNING 2025-12-13 15:24:33 db_utils.py:141 WandB logging of key "losses_after_forward" was ignored as its type "<class 'torch.Tensor'>" is not handled by this wrapper.
WARNING 2025-12-13 15:24:33 db_utils.py:141 WandB logging of key "losses_after_rm_padding" was ignored as its type "<class 'torch.Tensor'>" is not handled by this wrapper.
INFO 2025-12-13 15:26:09 ot_train.py:351 step:14K smpl:870K ep:3K epch:45.96 loss:0.006 grdn:0.138 lr:2.6e-05 updt_s:0.466 data_s:0.015
WARNING 2025-12-13 15:26:09 db_utils.py:141 WandB logging of key "losses_after_forward" was ignored as its type "<class 'torch.Tensor'>" is not handled by this wrapper.
WARNING 2025-12-13 15:26:09 db_utils.py:141 WandB logging of key "losses_after_rm_padding" was ignored as its type "<class 'torch.Tensor'>" is not handled by this wrapper.
INFO 2025-12-13 15:27:52 ot_train.py:351 step:14K smpl:883K ep:3K epch:46.63 loss:0.006 grdn:0.139 lr:2.4e-05 updt_s:0.465 data_s:0.044
WARNING 2025-12-13 15:27:52 db_utils.py:141 WandB logging of key "losses_after_forward" was ignored as its type "<class 'torch.Tensor'>" is not handled by this wrapper.
WARNING 2025-12-13 15:27:52 db_utils.py:141 WandB logging of key "losses_after_rm_padding" was ignored as its type "<class 'torch.Tensor'>" is not handled by this wrapper.
INFO 2025-12-13 15:29:34 ot_train.py:351 step:14K smpl:896K ep:3K epch:47.31 loss:0.006 grdn:0.135 lr:2.3e-05 updt_s:0.463 data_s:0.047
WARNING 2025-12-13 15:29:34 db_utils.py:141 WandB logging of key "losses_after_forward" was ignored as its type "<class 'torch.Tensor'>" is not handled by this wrapper.
WARNING 2025-12-13 15:29:34 db_utils.py:141 WandB logging of key "losses_after_rm_padding" was ignored as its type "<class 'torch.Tensor'>" is not handled by this wrapper.
INFO 2025-12-13 15:31:10 ot_train.py:351 step:14K smpl:909K ep:3K epch:47.98 loss:0.006 grdn:0.131 lr:2.2e-05 updt_s:0.465 data_s:0.015
WARNING 2025-12-13 15:31:10 db_utils.py:141 WandB logging of key "losses_after_forward" was ignored as its type "<class 'torch.Tensor'>" is not handled by this wrapper.
WARNING 2025-12-13 15:31:10 db_utils.py:141 WandB logging of key "losses_after_rm_padding" was ignored as its type "<class 'torch.Tensor'>" is not handled by this wrapper.
INFO 2025-12-13 15:32:52 ot_train.py:351 step:14K smpl:922K ep:3K epch:48.66 loss:0.006 grdn:0.134 lr:2.1e-05 updt_s:0.465 data_s:0.042
WARNING 2025-12-13 15:32:52 db_utils.py:141 WandB logging of key "losses_after_forward" was ignored as its type "<class 'torch.Tensor'>" is not handled by this wrapper.
WARNING 2025-12-13 15:32:52 db_utils.py:141 WandB logging of key "losses_after_rm_padding" was ignored as its type "<class 'torch.Tensor'>" is not handled by this wrapper.
INFO 2025-12-13 15:34:34 ot_train.py:351 step:15K smpl:934K ep:3K epch:49.33 loss:0.006 grdn:0.132 lr:2.0e-05 updt_s:0.465 data_s:0.045
WARNING 2025-12-13 15:34:34 db_utils.py:141 WandB logging of key "losses_after_forward" was ignored as its type "<class 'torch.Tensor'>" is not handled by this wrapper.
WARNING 2025-12-13 15:34:34 db_utils.py:141 WandB logging of key "losses_after_rm_padding" was ignored as its type "<class 'torch.Tensor'>" is not handled by this wrapper.
INFO 2025-12-13 15:36:11 ot_train.py:351 step:15K smpl:947K ep:3K epch:50.01 loss:0.006 grdn:0.133 lr:1.8e-05 updt_s:0.465 data_s:0.016
WARNING 2025-12-13 15:36:11 db_utils.py:141 WandB logging of key "losses_after_forward" was ignored as its type "<class 'torch.Tensor'>" is not handled by this wrapper.
WARNING 2025-12-13 15:36:11 db_utils.py:141 WandB logging of key "losses_after_rm_padding" was ignored as its type "<class 'torch.Tensor'>" is not handled by this wrapper.
INFO 2025-12-13 15:37:53 ot_train.py:351 step:15K smpl:960K ep:3K epch:50.69 loss:0.006 grdn:0.124 lr:1.7e-05 updt_s:0.464 data_s:0.047
WARNING 2025-12-13 15:37:53 db_utils.py:141 WandB logging of key "losses_after_forward" was ignored as its type "<class 'torch.Tensor'>" is not handled by this wrapper.
WARNING 2025-12-13 15:37:53 db_utils.py:141 WandB logging of key "losses_after_rm_padding" was ignored as its type "<class 'torch.Tensor'>" is not handled by this wrapper.
INFO 2025-12-13 15:37:53 ot_train.py:361 Checkpoint policy after step 15000
INFO 2025-12-13 15:39:39 ot_train.py:351 step:15K smpl:973K ep:3K epch:51.36 loss:0.006 grdn:0.123 lr:1.6e-05 updt_s:0.464 data_s:0.045
WARNING 2025-12-13 15:39:39 db_utils.py:141 WandB logging of key "losses_after_forward" was ignored as its type "<class 'torch.Tensor'>" is not handled by this wrapper.
WARNING 2025-12-13 15:39:39 db_utils.py:141 WandB logging of key "losses_after_rm_padding" was ignored as its type "<class 'torch.Tensor'>" is not handled by this wrapper.
INFO 2025-12-13 15:41:21 ot_train.py:351 step:15K smpl:986K ep:3K epch:52.04 loss:0.006 grdn:0.122 lr:1.5e-05 updt_s:0.465 data_s:0.041
WARNING 2025-12-13 15:41:21 db_utils.py:141 WandB logging of key "losses_after_forward" was ignored as its type "<class 'torch.Tensor'>" is not handled by this wrapper.
WARNING 2025-12-13 15:41:21 db_utils.py:141 WandB logging of key "losses_after_rm_padding" was ignored as its type "<class 'torch.Tensor'>" is not handled by this wrapper.
INFO 2025-12-13 15:42:57 ot_train.py:351 step:16K smpl:998K ep:3K epch:52.71 loss:0.005 grdn:0.120 lr:1.4e-05 updt_s:0.464 data_s:0.015
WARNING 2025-12-13 15:42:57 db_utils.py:141 WandB logging of key "losses_after_forward" was ignored as its type "<class 'torch.Tensor'>" is not handled by this wrapper.
WARNING 2025-12-13 15:42:57 db_utils.py:141 WandB logging of key "losses_after_rm_padding" was ignored as its type "<class 'torch.Tensor'>" is not handled by this wrapper.
INFO 2025-12-13 15:44:39 ot_train.py:351 step:16K smpl:1M ep:3K epch:53.39 loss:0.006 grdn:0.125 lr:1.3e-05 updt_s:0.461 data_s:0.046
WARNING 2025-12-13 15:44:39 db_utils.py:141 WandB logging of key "losses_after_forward" was ignored as its type "<class 'torch.Tensor'>" is not handled by this wrapper.
WARNING 2025-12-13 15:44:39 db_utils.py:141 WandB logging of key "losses_after_rm_padding" was ignored as its type "<class 'torch.Tensor'>" is not handled by this wrapper.
INFO 2025-12-13 15:46:20 ot_train.py:351 step:16K smpl:1M ep:3K epch:54.07 loss:0.005 grdn:0.109 lr:1.2e-05 updt_s:0.462 data_s:0.045
WARNING 2025-12-13 15:46:20 db_utils.py:141 WandB logging of key "losses_after_forward" was ignored as its type "<class 'torch.Tensor'>" is not handled by this wrapper.
WARNING 2025-12-13 15:46:20 db_utils.py:141 WandB logging of key "losses_after_rm_padding" was ignored as its type "<class 'torch.Tensor'>" is not handled by this wrapper.
INFO 2025-12-13 15:47:58 ot_train.py:351 step:16K smpl:1M ep:3K epch:54.74 loss:0.005 grdn:0.116 lr:1.1e-05 updt_s:0.470 data_s:0.016
WARNING 2025-12-13 15:47:58 db_utils.py:141 WandB logging of key "losses_after_forward" was ignored as its type "<class 'torch.Tensor'>" is not handled by this wrapper.
WARNING 2025-12-13 15:47:58 db_utils.py:141 WandB logging of key "losses_after_rm_padding" was ignored as its type "<class 'torch.Tensor'>" is not handled by this wrapper.
INFO 2025-12-13 15:49:40 ot_train.py:351 step:16K smpl:1M ep:3K epch:55.42 loss:0.005 grdn:0.108 lr:1.1e-05 updt_s:0.467 data_s:0.044
WARNING 2025-12-13 15:49:40 db_utils.py:141 WandB logging of key "losses_after_forward" was ignored as its type "<class 'torch.Tensor'>" is not handled by this wrapper.
WARNING 2025-12-13 15:49:40 db_utils.py:141 WandB logging of key "losses_after_rm_padding" was ignored as its type "<class 'torch.Tensor'>" is not handled by this wrapper.
INFO 2025-12-13 15:51:23 ot_train.py:351 step:17K smpl:1M ep:3K epch:56.09 loss:0.005 grdn:0.110 lr:9.7e-06 updt_s:0.468 data_s:0.043
WARNING 2025-12-13 15:51:23 db_utils.py:141 WandB logging of key "losses_after_forward" was ignored as its type "<class 'torch.Tensor'>" is not handled by this wrapper.
WARNING 2025-12-13 15:51:23 db_utils.py:141 WandB logging of key "losses_after_rm_padding" was ignored as its type "<class 'torch.Tensor'>" is not handled by this wrapper.
INFO 2025-12-13 15:52:59 ot_train.py:351 step:17K smpl:1M ep:3K epch:56.77 loss:0.006 grdn:0.115 lr:8.9e-06 updt_s:0.467 data_s:0.015
WARNING 2025-12-13 15:52:59 db_utils.py:141 WandB logging of key "losses_after_forward" was ignored as its type "<class 'torch.Tensor'>" is not handled by this wrapper.
WARNING 2025-12-13 15:52:59 db_utils.py:141 WandB logging of key "losses_after_rm_padding" was ignored as its type "<class 'torch.Tensor'>" is not handled by this wrapper.
INFO 2025-12-13 15:54:42 ot_train.py:351 step:17K smpl:1M ep:3K epch:57.44 loss:0.005 grdn:0.109 lr:8.2e-06 updt_s:0.468 data_s:0.042
WARNING 2025-12-13 15:54:42 db_utils.py:141 WandB logging of key "losses_after_forward" was ignored as its type "<class 'torch.Tensor'>" is not handled by this wrapper.
WARNING 2025-12-13 15:54:42 db_utils.py:141 WandB logging of key "losses_after_rm_padding" was ignored as its type "<class 'torch.Tensor'>" is not handled by this wrapper.
INFO 2025-12-13 15:56:25 ot_train.py:351 step:17K smpl:1M ep:3K epch:58.12 loss:0.005 grdn:0.106 lr:7.5e-06 updt_s:0.469 data_s:0.044
WARNING 2025-12-13 15:56:25 db_utils.py:141 WandB logging of key "losses_after_forward" was ignored as its type "<class 'torch.Tensor'>" is not handled by this wrapper.
WARNING 2025-12-13 15:56:25 db_utils.py:141 WandB logging of key "losses_after_rm_padding" was ignored as its type "<class 'torch.Tensor'>" is not handled by this wrapper.
INFO 2025-12-13 15:58:02 ot_train.py:351 step:17K smpl:1M ep:4K epch:58.80 loss:0.005 grdn:0.104 lr:6.8e-06 updt_s:0.470 data_s:0.016
WARNING 2025-12-13 15:58:02 db_utils.py:141 WandB logging of key "losses_after_forward" was ignored as its type "<class 'torch.Tensor'>" is not handled by this wrapper.
WARNING 2025-12-13 15:58:02 db_utils.py:141 WandB logging of key "losses_after_rm_padding" was ignored as its type "<class 'torch.Tensor'>" is not handled by this wrapper.
INFO 2025-12-13 15:59:45 ot_train.py:351 step:18K smpl:1M ep:4K epch:59.47 loss:0.005 grdn:0.105 lr:6.2e-06 updt_s:0.468 data_s:0.044
WARNING 2025-12-13 15:59:45 db_utils.py:141 WandB logging of key "losses_after_forward" was ignored as its type "<class 'torch.Tensor'>" is not handled by this wrapper.
WARNING 2025-12-13 15:59:45 db_utils.py:141 WandB logging of key "losses_after_rm_padding" was ignored as its type "<class 'torch.Tensor'>" is not handled by this wrapper.
INFO 2025-12-13 16:01:26 ot_train.py:351 step:18K smpl:1M ep:4K epch:60.15 loss:0.005 grdn:0.109 lr:5.6e-06 updt_s:0.463 data_s:0.044
WARNING 2025-12-13 16:01:26 db_utils.py:141 WandB logging of key "losses_after_forward" was ignored as its type "<class 'torch.Tensor'>" is not handled by this wrapper.
WARNING 2025-12-13 16:01:26 db_utils.py:141 WandB logging of key "losses_after_rm_padding" was ignored as its type "<class 'torch.Tensor'>" is not handled by this wrapper.
INFO 2025-12-13 16:03:02 ot_train.py:351 step:18K smpl:1M ep:4K epch:60.82 loss:0.005 grdn:0.103 lr:5.1e-06 updt_s:0.464 data_s:0.015
WARNING 2025-12-13 16:03:02 db_utils.py:141 WandB logging of key "losses_after_forward" was ignored as its type "<class 'torch.Tensor'>" is not handled by this wrapper.
WARNING 2025-12-13 16:03:02 db_utils.py:141 WandB logging of key "losses_after_rm_padding" was ignored as its type "<class 'torch.Tensor'>" is not handled by this wrapper.
INFO 2025-12-13 16:04:45 ot_train.py:351 step:18K smpl:1M ep:4K epch:61.50 loss:0.005 grdn:0.101 lr:4.7e-06 updt_s:0.464 data_s:0.045
WARNING 2025-12-13 16:04:45 db_utils.py:141 WandB logging of key "losses_after_forward" was ignored as its type "<class 'torch.Tensor'>" is not handled by this wrapper.
WARNING 2025-12-13 16:04:45 db_utils.py:141 WandB logging of key "losses_after_rm_padding" was ignored as its type "<class 'torch.Tensor'>" is not handled by this wrapper.
INFO 2025-12-13 16:06:26 ot_train.py:351 step:18K smpl:1M ep:4K epch:62.18 loss:0.005 grdn:0.101 lr:4.2e-06 updt_s:0.465 data_s:0.042
WARNING 2025-12-13 16:06:26 db_utils.py:141 WandB logging of key "losses_after_forward" was ignored as its type "<class 'torch.Tensor'>" is not handled by this wrapper.
WARNING 2025-12-13 16:06:26 db_utils.py:141 WandB logging of key "losses_after_rm_padding" was ignored as its type "<class 'torch.Tensor'>" is not handled by this wrapper.
INFO 2025-12-13 16:08:03 ot_train.py:351 step:19K smpl:1M ep:4K epch:62.85 loss:0.005 grdn:0.100 lr:3.8e-06 updt_s:0.467 data_s:0.015
WARNING 2025-12-13 16:08:03 db_utils.py:141 WandB logging of key "losses_after_forward" was ignored as its type "<class 'torch.Tensor'>" is not handled by this wrapper.
WARNING 2025-12-13 16:08:03 db_utils.py:141 WandB logging of key "losses_after_rm_padding" was ignored as its type "<class 'torch.Tensor'>" is not handled by this wrapper.
INFO 2025-12-13 16:09:45 ot_train.py:351 step:19K smpl:1M ep:4K epch:63.53 loss:0.005 grdn:0.102 lr:3.5e-06 updt_s:0.464 data_s:0.046
WARNING 2025-12-13 16:09:45 db_utils.py:141 WandB logging of key "losses_after_forward" was ignored as its type "<class 'torch.Tensor'>" is not handled by this wrapper.
WARNING 2025-12-13 16:09:45 db_utils.py:141 WandB logging of key "losses_after_rm_padding" was ignored as its type "<class 'torch.Tensor'>" is not handled by this wrapper.
INFO 2025-12-13 16:11:29 ot_train.py:351 step:19K smpl:1M ep:4K epch:64.20 loss:0.005 grdn:0.097 lr:3.2e-06 updt_s:0.467 data_s:0.050
WARNING 2025-12-13 16:11:29 db_utils.py:141 WandB logging of key "losses_after_forward" was ignored as its type "<class 'torch.Tensor'>" is not handled by this wrapper.
WARNING 2025-12-13 16:11:29 db_utils.py:141 WandB logging of key "losses_after_rm_padding" was ignored as its type "<class 'torch.Tensor'>" is not handled by this wrapper.
INFO 2025-12-13 16:13:05 ot_train.py:351 step:19K smpl:1M ep:4K epch:64.88 loss:0.005 grdn:0.099 lr:3.0e-06 updt_s:0.467 data_s:0.015
WARNING 2025-12-13 16:13:05 db_utils.py:141 WandB logging of key "losses_after_forward" was ignored as its type "<class 'torch.Tensor'>" is not handled by this wrapper.
WARNING 2025-12-13 16:13:05 db_utils.py:141 WandB logging of key "losses_after_rm_padding" was ignored as its type "<class 'torch.Tensor'>" is not handled by this wrapper.
INFO 2025-12-13 16:14:47 ot_train.py:351 step:19K smpl:1M ep:4K epch:65.55 loss:0.005 grdn:0.096 lr:2.8e-06 updt_s:0.462 data_s:0.046
WARNING 2025-12-13 16:14:47 db_utils.py:141 WandB logging of key "losses_after_forward" was ignored as its type "<class 'torch.Tensor'>" is not handled by this wrapper.
WARNING 2025-12-13 16:14:47 db_utils.py:141 WandB logging of key "losses_after_rm_padding" was ignored as its type "<class 'torch.Tensor'>" is not handled by this wrapper.
INFO 2025-12-13 16:16:29 ot_train.py:351 step:20K smpl:1M ep:4K epch:66.23 loss:0.005 grdn:0.094 lr:2.7e-06 updt_s:0.463 data_s:0.047
WARNING 2025-12-13 16:16:29 db_utils.py:141 WandB logging of key "losses_after_forward" was ignored as its type "<class 'torch.Tensor'>" is not handled by this wrapper.
WARNING 2025-12-13 16:16:29 db_utils.py:141 WandB logging of key "losses_after_rm_padding" was ignored as its type "<class 'torch.Tensor'>" is not handled by this wrapper.
INFO 2025-12-13 16:18:06 ot_train.py:351 step:20K smpl:1M ep:4K epch:66.91 loss:0.005 grdn:0.094 lr:2.6e-06 updt_s:0.468 data_s:0.015
WARNING 2025-12-13 16:18:06 db_utils.py:141 WandB logging of key "losses_after_forward" was ignored as its type "<class 'torch.Tensor'>" is not handled by this wrapper.
WARNING 2025-12-13 16:18:06 db_utils.py:141 WandB logging of key "losses_after_rm_padding" was ignored as its type "<class 'torch.Tensor'>" is not handled by this wrapper.
INFO 2025-12-13 16:19:49 ot_train.py:351 step:20K smpl:1M ep:4K epch:67.58 loss:0.005 grdn:0.096 lr:2.5e-06 updt_s:0.463 data_s:0.051
WARNING 2025-12-13 16:19:49 db_utils.py:141 WandB logging of key "losses_after_forward" was ignored as its type "<class 'torch.Tensor'>" is not handled by this wrapper.
WARNING 2025-12-13 16:19:49 db_utils.py:141 WandB logging of key "losses_after_rm_padding" was ignored as its type "<class 'torch.Tensor'>" is not handled by this wrapper.
INFO 2025-12-13 16:19:49 ot_train.py:361 Checkpoint policy after step 20000
INFO 2025-12-13 16:19:53 ot_train.py:430 End of training
Traceback (most recent call last):
  File "/opt/venv/lib/python3.12/site-packages/huggingface_hub/utils/_http.py", line 407, in hf_raise_for_status
    response.raise_for_status()
  File "/opt/venv/lib/python3.12/site-packages/requests/models.py", line 1026, in raise_for_status
    raise HTTPError(http_error_msg, response=self)
requests.exceptions.HTTPError: 403 Client Error: Forbidden for url: https://huggingface.co/api/repos/create

The above exception was the direct cause of the following exception:

Traceback (most recent call last):
  File "/opt/venv/bin/lerobot-train", line 7, in <module>
    sys.exit(main())
             ^^^^^^
  File "/workspace/lerobot/src/lerobot/scripts/lerobot_train.py", line 444, in main
    train()
  File "/workspace/lerobot/src/lerobot/configs/parser.py", line 233, in wrapper_inner
    response = fn(cfg, *args, **kwargs)
               ^^^^^^^^^^^^^^^^^^^^^^^^
  File "/workspace/lerobot/src/lerobot/scripts/lerobot_train.py", line 434, in train
    unwrapped_policy.push_model_to_hub(cfg)
  File "/workspace/lerobot/src/lerobot/policies/pretrained.py", line 211, in push_model_to_hub
    repo_id = api.create_repo(
              ^^^^^^^^^^^^^^^^
  File "/opt/venv/lib/python3.12/site-packages/huggingface_hub/utils/_validators.py", line 114, in _inner_fn
    return fn(*args, **kwargs)
           ^^^^^^^^^^^^^^^^^^^
  File "/opt/venv/lib/python3.12/site-packages/huggingface_hub/hf_api.py", line 3779, in create_repo
    raise err
  File "/opt/venv/lib/python3.12/site-packages/huggingface_hub/hf_api.py", line 3766, in create_repo
    hf_raise_for_status(r)
  File "/opt/venv/lib/python3.12/site-packages/huggingface_hub/utils/_http.py", line 471, in hf_raise_for_status
    raise _format(HfHubHTTPError, message, response) from e
huggingface_hub.errors.HfHubHTTPError: (Request ID: Root=1-693d9229-4643934f69eceb376e58c0fd;65217c0a-f7dd-49f3-b032-3c6bd67a61d7)

403 Forbidden: You don't have the rights to create a model under the namespace "giacomoran".
Cannot access content at: https://huggingface.co/api/repos/create.
Make sure your token has the correct permissions.
